{"contracts\\AggregatorV3.sol":{"l":{"12":2,"16":0,"20":0,"24":0,"28":0,"36":3,"40":0},"path":"E:\\coding\\web3\\code\\auction-homework\\contracts\\AggregatorV3.sol","s":{"1":0,"2":0,"3":0,"4":0,"5":3},"b":{},"f":{"1":2,"2":0,"3":0,"4":0,"5":0,"6":3,"7":0},"fnMap":{"1":{"name":"constructor","line":11,"loc":{"start":{"line":11,"column":3},"end":{"line":13,"column":4}}},"2":{"name":"decimals","line":15,"loc":{"start":{"line":15,"column":4},"end":{"line":17,"column":4}}},"3":{"name":"description","line":19,"loc":{"start":{"line":19,"column":4},"end":{"line":21,"column":4}}},"4":{"name":"version","line":23,"loc":{"start":{"line":23,"column":4},"end":{"line":25,"column":4}}},"5":{"name":"getRoundData","line":27,"loc":{"start":{"line":27,"column":4},"end":{"line":29,"column":4}}},"6":{"name":"latestRoundData","line":31,"loc":{"start":{"line":31,"column":4},"end":{"line":37,"column":4}}},"7":{"name":"setPrice","line":39,"loc":{"start":{"line":39,"column":4},"end":{"line":41,"column":4}}}},"statementMap":{"1":{"start":{"line":16,"column":8},"end":{"line":16,"column":17}},"2":{"start":{"line":20,"column":8},"end":{"line":20,"column":36}},"3":{"start":{"line":24,"column":8},"end":{"line":24,"column":16}},"4":{"start":{"line":28,"column":8},"end":{"line":28,"column":35}},"5":{"start":{"line":36,"column":8},"end":{"line":36,"column":35}}},"branchMap":{}},"contracts\\ERC721V5.sol":{"l":{"13":10,"26":0,"30":0},"path":"E:\\coding\\web3\\code\\auction-homework\\contracts\\ERC721V5.sol","s":{"1":10,"2":0},"b":{"1":[10,0],"2":[0,0]},"f":{"1":2,"2":10,"3":0,"4":0,"5":0},"fnMap":{"1":{"name":"constructor","line":10,"loc":{"start":{"line":10,"column":4},"end":{"line":10,"column":67}}},"2":{"name":"mint","line":12,"loc":{"start":{"line":12,"column":4},"end":{"line":14,"column":4}}},"3":{"name":"tokenURI","line":25,"loc":{"start":{"line":25,"column":4},"end":{"line":27,"column":4}}},"4":{"name":"setTokenURI","line":29,"loc":{"start":{"line":29,"column":4},"end":{"line":31,"column":4}}},"5":{"name":"receive","line":33,"loc":{"start":{"line":33,"column":4},"end":{"line":33,"column":41}}}},"statementMap":{"1":{"start":{"line":13,"column":8},"end":{"line":13,"column":25}},"2":{"start":{"line":26,"column":8},"end":{"line":26,"column":24}}},"branchMap":{"1":{"line":12,"type":"if","locations":[{"start":{"line":12,"column":56},"end":{"line":12,"column":56}},{"start":{"line":12,"column":56},"end":{"line":12,"column":56}}]},"2":{"line":29,"type":"if","locations":[{"start":{"line":29,"column":61},"end":{"line":29,"column":61}},{"start":{"line":29,"column":61},"end":{"line":29,"column":61}}]}}},"contracts\\NFTAuctionV5.sol":{"l":{"40":1,"52":2,"57":1,"69":1,"82":1,"83":1,"84":1,"88":1,"91":1,"93":1,"94":1,"95":1,"98":1,"99":1,"101":0,"102":0,"103":0,"106":1,"107":1,"109":1,"112":1,"113":1,"114":1,"117":1,"119":0,"120":0,"123":0,"132":1,"134":0,"135":0,"136":0,"140":1,"145":1,"146":1,"150":1,"151":1,"153":1,"158":1,"159":1,"160":1,"161":1,"167":1,"172":1,"176":1,"177":0,"178":0,"180":0,"183":0,"184":0,"185":0,"188":1,"189":1,"190":1,"193":1,"194":1,"196":1,"197":1,"199":1,"207":1,"211":1,"213":1,"214":1,"216":1,"225":2,"232":3,"233":3,"236":3,"247":3},"path":"E:\\coding\\web3\\code\\auction-homework\\contracts\\NFTAuctionV5.sol","s":{"1":2,"2":1,"3":1,"4":1,"5":1,"6":1,"7":1,"8":1,"9":1,"10":1,"11":0,"12":0,"13":1,"14":1,"15":1,"16":1,"17":1,"18":1,"19":1,"20":0,"21":0,"22":0,"23":1,"24":0,"25":0,"26":0,"27":1,"28":1,"29":1,"30":1,"31":1,"32":1,"33":1,"34":1,"35":1,"36":1,"37":0,"38":0,"39":0,"40":0,"41":0,"42":0,"43":1,"44":1,"45":1,"46":1,"47":1,"48":1,"49":1,"50":1,"51":1,"52":1,"53":1,"54":1,"55":3,"56":3,"57":3,"58":3},"b":{"1":[1,0],"2":[1,0],"3":[1,0],"4":[1,0],"5":[1,0],"6":[0,1],"7":[0,0],"8":[0,1],"9":[0,0],"10":[1,0],"11":[1,0],"12":[0,1],"13":[0,0]},"f":{"1":1,"2":2,"3":1,"4":1,"5":2,"6":3},"fnMap":{"1":{"name":"initialize","line":39,"loc":{"start":{"line":39,"column":4},"end":{"line":41,"column":4}}},"2":{"name":"createAuction","line":44,"loc":{"start":{"line":44,"column":4},"end":{"line":72,"column":4}}},"3":{"name":"placeBid","line":77,"loc":{"start":{"line":77,"column":4},"end":{"line":154,"column":4}}},"4":{"name":"endAuction","line":157,"loc":{"start":{"line":157,"column":4},"end":{"line":217,"column":4}}},"5":{"name":"setPriceFeed","line":221,"loc":{"start":{"line":221,"column":4},"end":{"line":226,"column":4}}},"6":{"name":"getChainlinkDataFeedLatestAnswer","line":231,"loc":{"start":{"line":231,"column":2},"end":{"line":248,"column":2}}}},"statementMap":{"1":{"start":{"line":52,"column":8},"end":{"line":52,"column":1522}},"2":{"start":{"line":82,"column":8},"end":{"line":82,"column":37}},"3":{"start":{"line":83,"column":8},"end":{"line":83,"column":54}},"4":{"start":{"line":84,"column":8},"end":{"line":84,"column":2502}},"5":{"start":{"line":88,"column":8},"end":{"line":88,"column":77}},"6":{"start":{"line":91,"column":8},"end":{"line":91,"column":37}},"7":{"start":{"line":93,"column":8},"end":{"line":93,"column":25}},"8":{"start":{"line":94,"column":8},"end":{"line":94,"column":2827}},"9":{"start":{"line":95,"column":12},"end":{"line":95,"column":44}},"10":{"start":{"line":99,"column":12},"end":{"line":99,"column":53}},"11":{"start":{"line":101,"column":12},"end":{"line":101,"column":58}},"12":{"start":{"line":103,"column":12},"end":{"line":103,"column":55}},"13":{"start":{"line":106,"column":8},"end":{"line":106,"column":67}},"14":{"start":{"line":107,"column":8},"end":{"line":107,"column":3478}},"15":{"start":{"line":109,"column":8},"end":{"line":109,"column":3610}},"16":{"start":{"line":112,"column":8},"end":{"line":112,"column":56}},"17":{"start":{"line":113,"column":8},"end":{"line":113,"column":56}},"18":{"start":{"line":114,"column":8},"end":{"line":114,"column":96}},"19":{"start":{"line":117,"column":8},"end":{"line":117,"column":3939}},"20":{"start":{"line":119,"column":12},"end":{"line":119,"column":4022}},"21":{"start":{"line":120,"column":16},"end":{"line":120,"column":74}},"22":{"start":{"line":123,"column":16},"end":{"line":123,"column":4228}},"23":{"start":{"line":132,"column":8},"end":{"line":132,"column":4459}},"24":{"start":{"line":134,"column":12},"end":{"line":134,"column":48}},"25":{"start":{"line":135,"column":12},"end":{"line":135,"column":42}},"26":{"start":{"line":136,"column":12},"end":{"line":136,"column":85}},"27":{"start":{"line":140,"column":12},"end":{"line":140,"column":4796}},"28":{"start":{"line":145,"column":12},"end":{"line":145,"column":82}},"29":{"start":{"line":146,"column":12},"end":{"line":146,"column":66}},"30":{"start":{"line":158,"column":8},"end":{"line":158,"column":44}},"31":{"start":{"line":159,"column":8},"end":{"line":159,"column":54}},"32":{"start":{"line":160,"column":8},"end":{"line":160,"column":75}},"33":{"start":{"line":161,"column":8},"end":{"line":161,"column":5585}},"34":{"start":{"line":167,"column":8},"end":{"line":167,"column":5781}},"35":{"start":{"line":172,"column":8},"end":{"line":172,"column":40}},"36":{"start":{"line":176,"column":8},"end":{"line":176,"column":6046}},"37":{"start":{"line":177,"column":12},"end":{"line":177,"column":58}},"38":{"start":{"line":178,"column":12},"end":{"line":178,"column":66}},"39":{"start":{"line":180,"column":12},"end":{"line":180,"column":72}},"40":{"start":{"line":183,"column":12},"end":{"line":183,"column":90}},"41":{"start":{"line":184,"column":12},"end":{"line":184,"column":46}},"42":{"start":{"line":185,"column":12},"end":{"line":185,"column":46}},"43":{"start":{"line":188,"column":12},"end":{"line":188,"column":47}},"44":{"start":{"line":189,"column":12},"end":{"line":189,"column":59}},"45":{"start":{"line":190,"column":12},"end":{"line":190,"column":71}},"46":{"start":{"line":193,"column":12},"end":{"line":193,"column":89}},"47":{"start":{"line":194,"column":12},"end":{"line":194,"column":68}},"48":{"start":{"line":196,"column":12},"end":{"line":196,"column":73}},"49":{"start":{"line":197,"column":12},"end":{"line":197,"column":106}},"50":{"start":{"line":199,"column":12},"end":{"line":199,"column":56}},"51":{"start":{"line":207,"column":12},"end":{"line":207,"column":7480}},"52":{"start":{"line":211,"column":12},"end":{"line":211,"column":46}},"53":{"start":{"line":214,"column":8},"end":{"line":214,"column":42}},"54":{"start":{"line":216,"column":8},"end":{"line":216,"column":57}},"55":{"start":{"line":232,"column":4},"end":{"line":232,"column":62}},"56":{"start":{"line":233,"column":4},"end":{"line":233,"column":46}},"57":{"start":{"line":236,"column":4},"end":{"line":236,"column":8324}},"58":{"start":{"line":247,"column":4},"end":{"line":247,"column":17}}},"branchMap":{"1":{"line":39,"type":"if","locations":[{"start":{"line":39,"column":33},"end":{"line":39,"column":33}},{"start":{"line":39,"column":33},"end":{"line":39,"column":33}}]},"2":{"line":84,"type":"if","locations":[{"start":{"line":84,"column":8},"end":{"line":84,"column":8}},{"start":{"line":84,"column":8},"end":{"line":84,"column":8}}]},"3":{"line":88,"type":"if","locations":[{"start":{"line":88,"column":8},"end":{"line":88,"column":8}},{"start":{"line":88,"column":8},"end":{"line":88,"column":8}}]},"4":{"line":94,"type":"if","locations":[{"start":{"line":94,"column":8},"end":{"line":94,"column":8}},{"start":{"line":94,"column":8},"end":{"line":94,"column":8}}]},"5":{"line":114,"type":"if","locations":[{"start":{"line":114,"column":8},"end":{"line":114,"column":8}},{"start":{"line":114,"column":8},"end":{"line":114,"column":8}}]},"6":{"line":117,"type":"if","locations":[{"start":{"line":117,"column":8},"end":{"line":117,"column":8}},{"start":{"line":117,"column":8},"end":{"line":117,"column":8}}]},"7":{"line":119,"type":"if","locations":[{"start":{"line":119,"column":12},"end":{"line":119,"column":12}},{"start":{"line":119,"column":12},"end":{"line":119,"column":12}}]},"8":{"line":132,"type":"if","locations":[{"start":{"line":132,"column":8},"end":{"line":132,"column":8}},{"start":{"line":132,"column":8},"end":{"line":132,"column":8}}]},"9":{"line":136,"type":"if","locations":[{"start":{"line":136,"column":12},"end":{"line":136,"column":12}},{"start":{"line":136,"column":12},"end":{"line":136,"column":12}}]},"10":{"line":160,"type":"if","locations":[{"start":{"line":160,"column":8},"end":{"line":160,"column":8}},{"start":{"line":160,"column":8},"end":{"line":160,"column":8}}]},"11":{"line":161,"type":"if","locations":[{"start":{"line":161,"column":8},"end":{"line":161,"column":8}},{"start":{"line":161,"column":8},"end":{"line":161,"column":8}}]},"12":{"line":176,"type":"if","locations":[{"start":{"line":176,"column":8},"end":{"line":176,"column":8}},{"start":{"line":176,"column":8},"end":{"line":176,"column":8}}]},"13":{"line":184,"type":"if","locations":[{"start":{"line":184,"column":12},"end":{"line":184,"column":12}},{"start":{"line":184,"column":12},"end":{"line":184,"column":12}}]}}},"contracts\\TestERC20.sol":{"l":{"9":1},"path":"E:\\coding\\web3\\code\\auction-homework\\contracts\\TestERC20.sol","s":{"1":1},"b":{},"f":{"1":1},"fnMap":{"1":{"name":"constructor","line":8,"loc":{"start":{"line":8,"column":4},"end":{"line":10,"column":4}}}},"statementMap":{"1":{"start":{"line":9,"column":8},"end":{"line":9,"column":43}}},"branchMap":{}}}