TN:
SF:E:\coding\web3\code\auction-homework\contracts\AggregatorV3.sol
FN:11,constructor
FN:15,decimals
FN:19,description
FN:23,version
FN:27,getRoundData
FN:31,latestRoundData
FN:39,setPrice
FNF:7
FNH:2
FNDA:2,constructor
FNDA:0,decimals
FNDA:0,description
FNDA:0,version
FNDA:0,getRoundData
FNDA:3,latestRoundData
FNDA:0,setPrice
DA:12,2
DA:16,0
DA:20,0
DA:24,0
DA:28,0
DA:36,3
DA:40,0
LF:7
LH:2
BRF:0
BRH:0
end_of_record
TN:
SF:E:\coding\web3\code\auction-homework\contracts\ERC721V5.sol
FN:10,constructor
FN:12,mint
FN:25,tokenURI
FN:29,setTokenURI
FN:33,receive
FNF:5
FNH:2
FNDA:2,constructor
FNDA:10,mint
FNDA:0,tokenURI
FNDA:0,setTokenURI
FNDA:0,receive
DA:13,10
DA:26,0
DA:30,0
LF:3
LH:1
BRDA:12,1,0,10
BRDA:12,1,1,0
BRDA:29,2,0,0
BRDA:29,2,1,0
BRF:4
BRH:1
end_of_record
TN:
SF:E:\coding\web3\code\auction-homework\contracts\NFTAuctionV5.sol
FN:39,initialize
FN:44,createAuction
FN:77,placeBid
FN:157,endAuction
FN:221,setPriceFeed
FN:231,getChainlinkDataFeedLatestAnswer
FNF:6
FNH:6
FNDA:1,initialize
FNDA:2,createAuction
FNDA:1,placeBid
FNDA:1,endAuction
FNDA:2,setPriceFeed
FNDA:3,getChainlinkDataFeedLatestAnswer
DA:40,1
DA:52,2
DA:57,1
DA:69,1
DA:82,1
DA:83,1
DA:84,1
DA:88,1
DA:91,1
DA:93,1
DA:94,1
DA:95,1
DA:98,1
DA:99,1
DA:101,0
DA:102,0
DA:103,0
DA:106,1
DA:107,1
DA:109,1
DA:112,1
DA:113,1
DA:114,1
DA:117,1
DA:119,0
DA:120,0
DA:123,0
DA:132,1
DA:134,0
DA:135,0
DA:136,0
DA:140,1
DA:145,1
DA:146,1
DA:150,1
DA:151,1
DA:153,1
DA:158,1
DA:159,1
DA:160,1
DA:161,1
DA:167,1
DA:172,1
DA:176,1
DA:177,0
DA:178,0
DA:180,0
DA:183,0
DA:184,0
DA:185,0
DA:188,1
DA:189,1
DA:190,1
DA:193,1
DA:194,1
DA:196,1
DA:197,1
DA:199,1
DA:207,1
DA:211,1
DA:213,1
DA:214,1
DA:216,1
DA:225,2
DA:232,3
DA:233,3
DA:236,3
DA:247,3
LF:68
LH:53
BRDA:39,1,0,1
BRDA:39,1,1,0
BRDA:84,2,0,1
BRDA:84,2,1,0
BRDA:88,3,0,1
BRDA:88,3,1,0
BRDA:94,4,0,1
BRDA:94,4,1,0
BRDA:114,5,0,1
BRDA:114,5,1,0
BRDA:117,6,0,0
BRDA:117,6,1,1
BRDA:119,7,0,0
BRDA:119,7,1,0
BRDA:132,8,0,0
BRDA:132,8,1,1
BRDA:136,9,0,0
BRDA:136,9,1,0
BRDA:160,10,0,1
BRDA:160,10,1,0
BRDA:161,11,0,1
BRDA:161,11,1,0
BRDA:176,12,0,0
BRDA:176,12,1,1
BRDA:184,13,0,0
BRDA:184,13,1,0
BRF:26
BRH:10
end_of_record
TN:
SF:E:\coding\web3\code\auction-homework\contracts\TestERC20.sol
FN:8,constructor
FNF:1
FNH:1
FNDA:1,constructor
DA:9,1
LF:1
LH:1
BRF:0
BRH:0
end_of_record
